2021-09-23 14:03:51.311  INFO 16104 --- [restartedMain] c.e.listingapp.ListingAppApplication     : Starting ListingAppApplication using Java 11.0.12 on DESKTOP-AQB2KCA with PID 16104 (E:\springProjects\listing-app\target\classes started by Mushegh Gazaryan in E:\springProjects\listing-app)
2021-09-23 14:03:51.318  INFO 16104 --- [restartedMain] c.e.listingapp.ListingAppApplication     : No active profile set, falling back to default profiles: default
2021-09-23 14:03:51.372  INFO 16104 --- [restartedMain] .e.DevToolsPropertyDefaultsPostProcessor : Devtools property defaults active! Set 'spring.devtools.add-properties' to 'false' to disable
2021-09-23 14:03:51.372  INFO 16104 --- [restartedMain] .e.DevToolsPropertyDefaultsPostProcessor : For additional web related logging consider setting the 'logging.level.web' property to 'DEBUG'
2021-09-23 14:03:52.109  INFO 16104 --- [restartedMain] .s.d.r.c.RepositoryConfigurationDelegate : Bootstrapping Spring Data JPA repositories in DEFAULT mode.
2021-09-23 14:03:52.159  INFO 16104 --- [restartedMain] .s.d.r.c.RepositoryConfigurationDelegate : Finished Spring Data repository scanning in 43 ms. Found 3 JPA repository interfaces.
2021-09-23 14:03:52.657  INFO 16104 --- [restartedMain] o.s.b.w.embedded.tomcat.TomcatWebServer  : Tomcat initialized with port(s): 8080 (http)
2021-09-23 14:03:52.666  INFO 16104 --- [restartedMain] o.apache.catalina.core.StandardService   : Starting service [Tomcat]
2021-09-23 14:03:52.667  INFO 16104 --- [restartedMain] org.apache.catalina.core.StandardEngine  : Starting Servlet engine: [Apache Tomcat/9.0.52]
2021-09-23 14:03:52.756  INFO 16104 --- [restartedMain] o.a.c.c.C.[Tomcat].[localhost].[/]       : Initializing Spring embedded WebApplicationContext
2021-09-23 14:03:52.756  INFO 16104 --- [restartedMain] w.s.c.ServletWebServerApplicationContext : Root WebApplicationContext: initialization completed in 1383 ms
2021-09-23 14:03:52.907  INFO 16104 --- [restartedMain] o.hibernate.jpa.internal.util.LogHelper  : HHH000204: Processing PersistenceUnitInfo [name: default]
2021-09-23 14:03:52.959  INFO 16104 --- [restartedMain] org.hibernate.Version                    : HHH000412: Hibernate ORM core version 5.4.32.Final
2021-09-23 14:03:53.083  INFO 16104 --- [restartedMain] o.hibernate.annotations.common.Version   : HCANN000001: Hibernate Commons Annotations {5.1.2.Final}
2021-09-23 14:03:53.176  INFO 16104 --- [restartedMain] com.zaxxer.hikari.HikariDataSource       : HikariPool-1 - Starting...
2021-09-23 14:03:53.534  INFO 16104 --- [restartedMain] com.zaxxer.hikari.HikariDataSource       : HikariPool-1 - Start completed.
2021-09-23 14:03:53.551  INFO 16104 --- [restartedMain] org.hibernate.dialect.Dialect            : HHH000400: Using dialect: org.hibernate.dialect.MySQL8Dialect
2021-09-23 14:03:54.143  INFO 16104 --- [restartedMain] o.h.e.t.j.p.i.JtaPlatformInitiator       : HHH000490: Using JtaPlatform implementation: [org.hibernate.engine.transaction.jta.platform.internal.NoJtaPlatform]
2021-09-23 14:03:54.151  INFO 16104 --- [restartedMain] j.LocalContainerEntityManagerFactoryBean : Initialized JPA EntityManagerFactory for persistence unit 'default'
2021-09-23 14:03:54.500  WARN 16104 --- [restartedMain] ConfigServletWebServerApplicationContext : Exception encountered during context initialization - cancelling refresh attempt: org.springframework.beans.factory.UnsatisfiedDependencyException: Error creating bean with name 'listingEndpoint' defined in file [E:\springProjects\listing-app\target\classes\com\example\listingapp\endpoints\ListingEndpoint.class]: Unsatisfied dependency expressed through constructor parameter 1; nested exception is org.springframework.beans.factory.UnsatisfiedDependencyException: Error creating bean with name 'userService' defined in file [E:\springProjects\listing-app\target\classes\com\example\listingapp\servicies\UserService.class]: Unsatisfied dependency expressed through constructor parameter 2; nested exception is org.springframework.beans.factory.NoSuchBeanDefinitionException: No qualifying bean of type 'org.springframework.security.crypto.password.PasswordEncoder' available: expected at least 1 bean which qualifies as autowire candidate. Dependency annotations: {}
2021-09-23 14:03:54.501  INFO 16104 --- [restartedMain] j.LocalContainerEntityManagerFactoryBean : Closing JPA EntityManagerFactory for persistence unit 'default'
2021-09-23 14:03:54.504  INFO 16104 --- [restartedMain] com.zaxxer.hikari.HikariDataSource       : HikariPool-1 - Shutdown initiated...
2021-09-23 14:03:54.523  INFO 16104 --- [restartedMain] com.zaxxer.hikari.HikariDataSource       : HikariPool-1 - Shutdown completed.
2021-09-23 14:03:54.525  INFO 16104 --- [restartedMain] o.apache.catalina.core.StandardService   : Stopping service [Tomcat]
2021-09-23 14:03:54.535  INFO 16104 --- [restartedMain] ConditionEvaluationReportLoggingListener : 

Error starting ApplicationContext. To display the conditions report re-run your application with 'debug' enabled.
2021-09-23 14:03:54.555 ERROR 16104 --- [restartedMain] o.s.b.d.LoggingFailureAnalysisReporter   : 

***************************
APPLICATION FAILED TO START
***************************

Description:

Parameter 2 of constructor in com.example.listingapp.servicies.UserService required a bean of type 'org.springframework.security.crypto.password.PasswordEncoder' that could not be found.


Action:

Consider defining a bean of type 'org.springframework.security.crypto.password.PasswordEncoder' in your configuration.

